<?xml version="1.0" encoding="UTF-8"?>
<!-- Generated by org.testng.reporters.JUnitXMLReporter -->
<testsuite hostname="sony-VAIO" ignored="0" name="Test" tests="4" failures="0" timestamp="28 Jul 2020 06:50:51 GMT" time="40.438" errors="0">
  <testcase name="openURL" time="12.87" classname="EndToEndFramework.HomePage"/>
  <testcase name="openURL" time="12.953" classname="EndToEndFramework.HomePage"/>
  <testcase name="navigationtab" time="0.294" classname="EndToEndFramework.ValidateText"/>
  <testcase name="textcheck" time="0.04" classname="EndToEndFramework.ValidateText"/>
</testsuite> <!-- Test -->
