<?xml version="1.0" encoding="UTF-8"?>
<!-- Generated by org.testng.reporters.JUnitXMLReporter -->
<testsuite hostname="sony-VAIO" ignored="0" name="ValidateText" tests="2" failures="1" timestamp="28 Jul 2020 15:28:51 GMT" time="41.233" errors="0">
  <testcase name="navigationtab" time="0.679" classname="EndToEndFramework.ValidateText"/>
  <testcase name="textcheck" time="0.066" classname="EndToEndFramework.ValidateText">
    <failure type="java.lang.AssertionError" message="expected [FATURE COURSE] but found [FEATURED COURSES]">
      <![CDATA[java.lang.AssertionError: expected [FATURE COURSE] but found [FEATURED COURSES]
at EndToEndFramework.ValidateText.textcheck(ValidateText.java:41)
at java.util.concurrent.FutureTask.run(Unknown Source)
at java.util.concurrent.ThreadPoolExecutor.runWorker(Unknown Source)
at java.util.concurrent.ThreadPoolExecutor$Worker.run(Unknown Source)
at java.lang.Thread.run(Unknown Source)
... Removed 22 stack frames]]>
    </failure>
  </testcase> <!-- textcheck -->
</testsuite> <!-- ValidateText -->
