<?xml version="1.0" encoding="UTF-8"?>
<!-- Generated by org.testng.reporters.JUnitXMLReporter -->
<testsuite hostname="sony-VAIO" ignored="0" name="HomeLogin" tests="4" failures="1" timestamp="2020-07-29T19:48:17 IST" time="37.234" errors="0">
  <testcase name="navigationtab" time="0.451" classname="EndToEndFramework.ValidateText"/>
  <testcase name="textcheck" time="0.048" classname="EndToEndFramework.ValidateText">
    <failure type="java.lang.AssertionError" message="expected [FATURE COURSE] but found [FEATURED COURSES]">
      <![CDATA[java.lang.AssertionError: expected [FATURE COURSE] but found [FEATURED COURSES]
at EndToEndFramework.ValidateText.textcheck(ValidateText.java:41)
at java.util.ArrayList.forEach(ArrayList.java:1249)
at java.util.concurrent.FutureTask.run(FutureTask.java:266)
at java.util.concurrent.ThreadPoolExecutor.runWorker(ThreadPoolExecutor.java:1142)
at java.util.concurrent.ThreadPoolExecutor$Worker.run(ThreadPoolExecutor.java:617)
at java.lang.Thread.run(Thread.java:748)
... Removed 23 stack frames]]>
    </failure>
  </testcase> <!-- textcheck -->
  <testcase name="openURL" time="27.88" classname="EndToEndFramework.HomePage"/>
  <testcase name="openURL" time="4.784" classname="EndToEndFramework.HomePage"/>
</testsuite> <!-- HomeLogin -->
