<?xml version="1.0" encoding="UTF-8"?>
<!-- Generated by org.testng.reporters.JUnitXMLReporter -->
<testsuite hostname="sony-VAIO" ignored="0" name="Test" tests="4" failures="0" timestamp="2020-07-28T15:54:05 IST" time="93.053" errors="0">
  <testcase name="openURL" time="34.364" classname="EndToEndFramework.HomePage"/>
  <testcase name="openURL" time="35.179" classname="EndToEndFramework.HomePage"/>
  <testcase name="navigationtab" time="0.306" classname="EndToEndFramework.ValidateText"/>
  <testcase name="textcheck" time="0.041" classname="EndToEndFramework.ValidateText"/>
</testsuite> <!-- Test -->
