<?xml version="1.0" encoding="UTF-8"?>
<!-- Generated by org.testng.reporters.JUnitXMLReporter -->
<testsuite hostname="sony-VAIO" ignored="0" name="ValidateText" tests="4" failures="0" timestamp="2020-07-29T17:48:16 IST" time="0.193" errors="0">
  <testcase name="@BeforeTest prerequiste" time="0.017" classname="EndToEndFramework.ValidateText">
    <failure type="java.lang.NullPointerException">
      <![CDATA[java.lang.NullPointerException
at EndToEndFramework.base.driverInvoke(base.java:39)
at EndToEndFramework.ValidateText.prerequiste(ValidateText.java:26)
at java.util.concurrent.FutureTask.run(FutureTask.java:266)
at java.util.concurrent.ThreadPoolExecutor.runWorker(ThreadPoolExecutor.java:1142)
at java.util.concurrent.ThreadPoolExecutor$Worker.run(ThreadPoolExecutor.java:617)
at java.lang.Thread.run(Thread.java:748)
... Removed 15 stack frames]]>
    </failure>
  </testcase> <!-- @BeforeTest prerequiste -->
  <testcase name="@AfterTest closebrowser" time="-1.59602509616E9" classname="EndToEndFramework.ValidateText">
    <skipped/>
  </testcase> <!-- @AfterTest closebrowser -->
  <testcase name="navigationtab" time="0.0" classname="EndToEndFramework.ValidateText">
    <skipped/>
  </testcase> <!-- navigationtab -->
  <testcase name="textcheck" time="0.0" classname="EndToEndFramework.ValidateText">
    <skipped/>
  </testcase> <!-- textcheck -->
  <testcase name="openURL" time="0.0" classname="EndToEndFramework.HomePage">
    <skipped/>
  </testcase> <!-- openURL -->
  <testcase name="openURL" time="0.0" classname="EndToEndFramework.HomePage">
    <skipped/>
  </testcase> <!-- openURL -->
</testsuite> <!-- ValidateText -->
