<?xml version="1.0" encoding="UTF-8"?>
<testng-results skipped="0" failed="0" ignored="0" total="2" passed="2">
  <reporter-output>
  </reporter-output>
  <suite name="Suite" duration-ms="37234" started-at="2020-07-29T19:47:39 IST" finished-at="2020-07-29T19:48:16 IST">
    <groups>
    </groups>
    <test name="HomeLogin" duration-ms="37234" started-at="2020-07-29T19:47:39 IST" finished-at="2020-07-29T19:48:16 IST">
      <class name="EndToEndFramework.HomePage">
        <test-method status="PASS" signature="browserInvoke()[pri:0, instance:EndToEndFramework.HomePage@10d307f1]" name="browserInvoke" is-config="true" duration-ms="3925" started-at="2020-07-29T19:47:39 IST" finished-at="2020-07-29T19:47:43 IST">
          <reporter-output>
          </reporter-output>
        </test-method> <!-- browserInvoke -->
        <test-method status="PASS" signature="openURL(java.lang.String, java.lang.String)[pri:0, instance:EndToEndFramework.HomePage@10d307f1]" name="openURL" duration-ms="27880" started-at="2020-07-29T19:47:43 IST" data-provider="getData" finished-at="2020-07-29T19:48:11 IST">
          <params>
            <param index="0">
              <value>
                <![CDATA[ankur]]>
              </value>
            </param>
            <param index="1">
              <value>
                <![CDATA[rukna]]>
              </value>
            </param>
          </params>
          <reporter-output>
          </reporter-output>
        </test-method> <!-- openURL -->
        <test-method status="PASS" signature="openURL(java.lang.String, java.lang.String)[pri:0, instance:EndToEndFramework.HomePage@10d307f1]" name="openURL" duration-ms="4784" started-at="2020-07-29T19:48:11 IST" data-provider="getData" finished-at="2020-07-29T19:48:15 IST">
          <params>
            <param index="0">
              <value>
                <![CDATA[ankit]]>
              </value>
            </param>
            <param index="1">
              <value>
                <![CDATA[tikna]]>
              </value>
            </param>
          </params>
          <reporter-output>
          </reporter-output>
        </test-method> <!-- openURL -->
        <test-method status="PASS" signature="closebrowser()[pri:0, instance:EndToEndFramework.HomePage@10d307f1]" name="closebrowser" is-config="true" duration-ms="606" started-at="2020-07-29T19:48:15 IST" finished-at="2020-07-29T19:48:16 IST">
          <reporter-output>
          </reporter-output>
        </test-method> <!-- closebrowser -->
      </class> <!-- EndToEndFramework.HomePage -->
    </test> <!-- HomeLogin -->
  </suite> <!-- Suite -->
</testng-results>
