-------------------------------------------------------------------------------
Test set: TestSuite
-------------------------------------------------------------------------------
Tests run: 4, Failures: 1, Errors: 0, Skipped: 0, Time elapsed: 39.89 s <<< FAILURE! - in TestSuite
EndToEndFramework.ValidateText.textcheck  Time elapsed: 0.076 s  <<< FAILURE!
java.lang.AssertionError: expected [FATURE COURSE] but found [FEATURED COURSES]
	at EndToEndFramework.ValidateText.textcheck(ValidateText.java:41)

